0 info it worked if it ends with ok
1 verbose cli [ '/usr/local/Cellar/node/6.2.1/bin/node',
1 verbose cli   '/usr/local/bin/npm',
1 verbose cli   'publish' ]
2 info using npm@3.9.3
3 info using node@v6.2.1
4 verbose publish [ '.' ]
5 silly cache add args [ '.', null ]
6 verbose cache add spec .
7 silly cache add parsed spec Result {
7 silly cache add   raw: '.',
7 silly cache add   scope: null,
7 silly cache add   name: null,
7 silly cache add   rawSpec: '.',
7 silly cache add   spec: '/Users/chiba/Dropbox/Kancolle/plugin-prophet',
7 silly cache add   type: 'directory' }
8 verbose addLocalDirectory /Users/chiba/.npm/poi-plugin-prophet/5.2.8/package.tgz not in flight; packing
9 verbose correctMkdir /Users/chiba/.npm correctMkdir not in flight; initializing
10 info lifecycle poi-plugin-prophet@5.2.8~prepublish: poi-plugin-prophet@5.2.8
11 silly lifecycle poi-plugin-prophet@5.2.8~prepublish: no script for prepublish, continuing
12 verbose tar pack [ '/Users/chiba/.npm/poi-plugin-prophet/5.2.8/package.tgz',
12 verbose tar pack   '/Users/chiba/Dropbox/Kancolle/plugin-prophet' ]
13 verbose tarball /Users/chiba/.npm/poi-plugin-prophet/5.2.8/package.tgz
14 verbose folder /Users/chiba/Dropbox/Kancolle/plugin-prophet
15 verbose addLocalTarball adding from inside cache /Users/chiba/.npm/poi-plugin-prophet/5.2.8/package.tgz
16 verbose correctMkdir /Users/chiba/.npm correctMkdir not in flight; initializing
17 silly cache afterAdd poi-plugin-prophet@5.2.8
18 verbose afterAdd /Users/chiba/.npm/poi-plugin-prophet/5.2.8/package/package.json not in flight; writing
19 verbose correctMkdir /Users/chiba/.npm correctMkdir not in flight; initializing
20 verbose afterAdd /Users/chiba/.npm/poi-plugin-prophet/5.2.8/package/package.json written
21 silly publish { name: 'poi-plugin-prophet',
21 silly publish   version: '5.2.8',
21 silly publish   description: 'A prophet plugin for Poi',
21 silly publish   main: 'index.cjsx',
21 silly publish   dependencies: {},
21 silly publish   devDependencies: {},
21 silly publish   scripts: { test: 'echo "Error: no test specified" && exit 1' },
21 silly publish   repository:
21 silly publish    { type: 'git',
21 silly publish      url: 'git+https://github.com/poooi/plugin-prophet.git' },
21 silly publish   author: { name: 'Chiba' },
21 silly publish   license: 'MIT',
21 silly publish   bugs: { url: 'https://github.com/poooi/plugin-prophet/issues' },
21 silly publish   homepage: 'https://github.com/poooi/plugin-prophet#readme',
21 silly publish   poiPlugin:
21 silly publish    { title: 'Prophet',
21 silly publish      description: 'Sortie Prophet',
21 silly publish      icon: 'fa/compass',
21 silly publish      priority: 1,
21 silly publish      apiVer: { '6.99.99': '5.2.1' } },
21 silly publish   readme: '# plugin-prophet\n\nA prophet plugin for Poi\n',
21 silly publish   readmeFilename: 'README.md',
21 silly publish   gitHead: 'acb27d104b2f8d78b6f3c33aae023afb020f1282',
21 silly publish   _id: 'poi-plugin-prophet@5.2.8',
21 silly publish   _shasum: 'd4174c98a77f17d59196325a4868f113ebe08bc1',
21 silly publish   _from: '.' }
22 verbose getPublishConfig undefined
23 silly mapToRegistry name poi-plugin-prophet
24 silly mapToRegistry using default registry
25 silly mapToRegistry registry http://registry.npmjs.org/
26 silly mapToRegistry data Result {
26 silly mapToRegistry   raw: 'poi-plugin-prophet',
26 silly mapToRegistry   scope: null,
26 silly mapToRegistry   name: 'poi-plugin-prophet',
26 silly mapToRegistry   rawSpec: '',
26 silly mapToRegistry   spec: 'latest',
26 silly mapToRegistry   type: 'tag' }
27 silly mapToRegistry uri http://registry.npmjs.org/poi-plugin-prophet
28 verbose publish registryBase http://registry.npmjs.org/
29 silly publish uploading /Users/chiba/.npm/poi-plugin-prophet/5.2.8/package.tgz
30 verbose request uri http://registry.npmjs.org/poi-plugin-prophet
31 verbose request sending authorization for write operation
32 info attempt registry request try #1 at 9:52:32 PM
33 verbose request using bearer token for auth
34 verbose request id 697d56e413a3965e
35 http request PUT http://registry.npmjs.org/poi-plugin-prophet
36 http 403 http://registry.npmjs.org/poi-plugin-prophet
37 verbose headers { 'content-type': 'application/json',
37 verbose headers   'cache-control': 'max-age=300',
37 verbose headers   'content-length': '95',
37 verbose headers   'accept-ranges': 'bytes',
37 verbose headers   date: 'Thu, 06 Oct 2016 13:52:12 GMT',
37 verbose headers   via: '1.1 varnish',
37 verbose headers   connection: 'keep-alive',
37 verbose headers   'x-served-by': 'cache-nrt6120-NRT',
37 verbose headers   'x-cache': 'MISS',
37 verbose headers   'x-cache-hits': '0',
37 verbose headers   'x-timer': 'S1475761932.252790,VS0,VE635',
37 verbose headers   vary: 'Accept-Encoding',
37 verbose headers   'proxy-connection': 'keep-alive' }
38 verbose request invalidating /Users/chiba/.npm/registry.npmjs.org/poi-plugin-prophet on PUT
39 error publish Failed PUT 403
40 verbose stack Error: "You cannot publish over the previously published version 5.2.8." : poi-plugin-prophet
40 verbose stack     at makeError (/usr/local/lib/node_modules/npm/node_modules/npm-registry-client/lib/request.js:264:12)
40 verbose stack     at CachingRegistryClient.<anonymous> (/usr/local/lib/node_modules/npm/node_modules/npm-registry-client/lib/request.js:252:14)
40 verbose stack     at Request._callback (/usr/local/lib/node_modules/npm/node_modules/npm-registry-client/lib/request.js:172:14)
40 verbose stack     at Request.self.callback (/usr/local/lib/node_modules/npm/node_modules/request/request.js:200:22)
40 verbose stack     at emitTwo (events.js:106:13)
40 verbose stack     at Request.emit (events.js:191:7)
40 verbose stack     at Request.<anonymous> (/usr/local/lib/node_modules/npm/node_modules/request/request.js:1067:10)
40 verbose stack     at emitOne (events.js:101:20)
40 verbose stack     at Request.emit (events.js:188:7)
40 verbose stack     at IncomingMessage.<anonymous> (/usr/local/lib/node_modules/npm/node_modules/request/request.js:988:12)
41 verbose statusCode 403
42 verbose pkgid poi-plugin-prophet
43 verbose cwd /Users/chiba/Dropbox/Kancolle/plugin-prophet
44 error Darwin 15.6.0
45 error argv "/usr/local/Cellar/node/6.2.1/bin/node" "/usr/local/bin/npm" "publish"
46 error node v6.2.1
47 error npm  v3.9.3
48 error code E403
49 error "You cannot publish over the previously published version 5.2.8." : poi-plugin-prophet
50 error If you need help, you may report this error at:
50 error     <https://github.com/npm/npm/issues>
51 verbose exit [ 1, true ]
